000 (491719.000.000) 05/14 14:56:19 Job submitted from host: <10.0.8.10:9618?addrs=10.0.8.10-9618&noUDP&sock=1466_21ee_3>
...
001 (491719.000.000) 05/14 14:56:23 Job executing on host: <10.0.9.11:9618?addrs=10.0.9.11-9618&noUDP&sock=2231_dbe1_3>
...
006 (491719.000.000) 05/14 14:56:32 Image size of job updated: 2672468
	2610  -  MemoryUsage of job (MB)
	2672468  -  ResidentSetSize of job (KB)
...
006 (491719.000.000) 05/14 15:01:33 Image size of job updated: 2745688
	2682  -  MemoryUsage of job (MB)
	2745688  -  ResidentSetSize of job (KB)
...
006 (491719.000.000) 05/14 15:11:34 Image size of job updated: 3210508
	3136  -  MemoryUsage of job (MB)
	3210508  -  ResidentSetSize of job (KB)
...
005 (491719.000.000) 05/14 16:06:29 Job terminated.
	(1) Normal termination (return value 0)
		Usr 0 01:04:43, Sys 0 00:04:43  -  Run Remote Usage
		Usr 0 00:00:00, Sys 0 00:00:00  -  Run Local Usage
		Usr 0 01:04:43, Sys 0 00:04:43  -  Total Remote Usage
		Usr 0 00:00:00, Sys 0 00:00:00  -  Total Local Usage
	0  -  Run Bytes Sent By Job
	0  -  Run Bytes Received By Job
	0  -  Total Bytes Sent By Job
	0  -  Total Bytes Received By Job
	Partitionable Resources :    Usage  Request Allocated 
	   Cpus                 :     1.00        1         1 
	   Disk (KB)            :  5000        5000  58915216 
	   Memory (MB)          :  3136        2000      7680 
...
