0260ad18-e268-43e9-87ed-d99d05ef4df5  timestamp=1621090595.774781402s
02e91009-f7a2-47b8-9889-22fb65e7d7fc  timestamp=1632328000.414413577s
031dd25a-6e29-44b7-8d1e-a14ffe154794  timestamp=1621167060.835797577s
03ceb893-a959-41ce-bc09-0a2b282ed02b  timestamp=1621102592.451614342s
04155033-a6b8-45ef-a9e8-bfbf17110945  timestamp=1632834484.000081447s
043ad229-d2d5-4f92-82ab-3cbd724ae3aa  timestamp=1632146592.610551002s
05f28fad-750d-4236-974a-3e36a2fd6ade  timestamp=1621100219.432532072s
079c3914-cc82-43c5-8730-099daf480fb9  timestamp=1632152596.280169988s
0aa44631-e4cc-40c9-bc56-83273331bac0  timestamp=1632146605.400054734s
0ab5659f-9fdf-4720-930c-f16115904962  timestamp=1632332782.170283118s
0bf291fb-7ae0-4787-a40a-f47531a3e683  timestamp=1631298171.594127391s
0d1282dd-e71a-49f0-9063-a28cb1e18969  timestamp=1632328127.721166779s
0ed822da-f47b-46cd-b3d3-995adb7765a6  timestamp=1621102836.49147866s
0efb21b7-8601-4ae0-b35b-490a6c50cc10  timestamp=1621102585.911233902s
11015c32-2de9-47d8-b2ac-1838d46c00c4  timestamp=1632152621.498470865s
1168be67-683e-44ac-a524-92033996a39f  timestamp=1632332953.30775398s
117aa530-f309-4e5d-b890-8114c0069efb  timestamp=1631536634.546628739s
14d3c9a4-8d4b-4d12-a86b-9ff494222364  timestamp=1631540683.116671293s
15817336-789f-4130-8fd7-9b0f20ff5831  timestamp=1621100096.086159931s
15d363e8-8e1b-4a61-bc8d-13be0c1aebe0  timestamp=1632834923.452466392s
183a46fa-619c-4471-95ed-dcce9ba68e7c  timestamp=1632327732.889023152s
19a667bb-453e-4428-8ffa-bf1f11fbb20f  timestamp=1632333180.991245873s
1b12a052-8f3c-4717-ad67-3f0fe5b70645  timestamp=1632834496.58014075s
1dd3fba8-042c-4eba-9a70-8af3324df1bd  timestamp=1632152606.613652729s
1f8479a1-1031-4a41-8dde-c25a838ee28c  timestamp=1632146609.769246444s
209d7775-c11e-43ca-8939-2af2cfffa80f  timestamp=1621090498.675541704s
20be10c5-e412-4406-9509-7cf241338d47  timestamp=1632155587.521439721s
21d0e1c5-048c-4248-ad16-7a47b2538c94  timestamp=1632155593.510635648s
2219424a-ed22-491f-af97-15fa75132df0  timestamp=1621090616.692102175s
236c189e-5699-42bc-9d22-ecad9e76dd61  timestamp=1632152618.962332757s
25206012-88c4-4309-975b-1e7f78c09634  timestamp=1632834728.997810377s
26104c30-d368-4386-a66b-099349126f30  timestamp=1631540826.882031081s
26a07335-5a87-404f-99ca-43b095294326  timestamp=1632339268.587238627s
27fca425-2cc4-4a9e-a968-0d1f3ebdc685  timestamp=1631536629.74402838s
28c5eaa7-fdf5-4a61-a08d-2eaf85e69777  timestamp=1632152627.679173763s
29c84c39-9a27-4ad4-8203-b3036bb55928  timestamp=1632328147.600356586s
2bde6f98-4909-4daa-8d73-08c1b5dc2914  timestamp=1632155600.045624604s
2c75c7f0-a3b9-4bf5-aecb-08db68c34b34  timestamp=1631540348.470037661s
2ed136dd-b28d-4fc7-bf9c-e4b124f81859  timestamp=1632332775.330918396s
2f5acdac-a5f2-464b-ac72-dec555994b64  timestamp=1621102658.587034426s
31d4b401-a072-4429-99f3-e46f6be03269  timestamp=1632155603.369649904s
32d77968-968a-47c0-901e-6f8e8b3b371c  timestamp=1632327736.160136425s
33706883-3609-4041-9b22-f6cafe3c7641  timestamp=1631536623.694297179s
358aecb8-4a98-4c47-95fd-1865e71a95cf  timestamp=1632332859.550499476s
383aeaca-65d0-4e41-b33d-c020b1d66f72  timestamp=1632146588.27475305s
38f0d032-9d48-4f17-a257-f6af36484ede  timestamp=1632155591.52579667s
3945a436-d39b-4ba5-bc0e-db07029ece65  timestamp=1621090525.040955699s
3aade44f-8515-424b-9b1c-01f5a386b7dc  timestamp=1631540340.409012476s
3af0e3eb-e9fd-4596-ad32-ceeb7a9f412b  timestamp=1632327718.839935137s
3c36ceb0-ea5c-4793-ab62-8a56f05ae686  timestamp=1632339195.672582204s
3cc9b0a4-2026-4d02-8748-7f441167ab64  timestamp=1631540346.218864312s
41e147b5-7123-4337-96d4-239b188ef7de  timestamp=1632339244.533184479s
44090e8b-f7cb-437d-8eff-6ac54eb519db  timestamp=1631536927.571506759s
45790e34-e8d6-49c0-a044-5105f4bdfefe  timestamp=1632834674.968712494s
46d945d5-e03f-4c40-ad2a-2860b651c3e2  timestamp=1632155597.781308969s
47b33e84-9529-4568-8a87-e2498e7c271c  timestamp=1621100102.144639585s
47eace71-87c9-4675-918b-5f78c9585051  timestamp=1621090500.689235732s
4acdd26e-2b74-4270-87bf-a8f6aac8c973  timestamp=1632146630.745825623s
4ae19f78-95dc-44cb-91ac-0e23b13cbe89  timestamp=1632152597.605119393s
4cea9498-999f-4da7-a0ac-7c6ec2a4d765  timestamp=1632339298.494699756s
4d2447fe-90d8-4a6f-b5ba-b87c47044738  timestamp=1632332772.361717018s
4ec75ec8-71d1-4545-9bd4-4d23890dcc5b  timestamp=1631536641.290036063s
5040ac14-124b-4dd8-a625-42992deb669b  timestamp=1632146620.316111213s
5258e7fc-86d4-4e79-bec5-b201639b6ac5  timestamp=1621100091.421217793s
53557555-2dc5-4b0d-9409-b9228d4e724f  timestamp=1632834492.685859089s
5364cc92-a574-40bc-8960-9d54d8d80f50  timestamp=1632327738.606399309s
54b60df6-b4b6-46ca-b8c3-5c3ac466e08e  timestamp=1632834547.063446249s
557cf806-103c-4f4b-bf3b-175add9c2049  timestamp=1631536637.827291049s
59218bb2-e87e-452c-9d56-ad1d284ee6dc  timestamp=1632339284.42157981s
5a678ddb-4bfc-410f-82f9-3ba417ecb6d2  timestamp=1632152604.515281511s
5a9cb6b3-5ec5-45e5-9f6e-ab65fd0ea0ea  timestamp=1632146583.229348892s
5ca541a1-f6bd-4235-9b64-f8f0928d52d2  timestamp=1621102753.276939055s
5dc1c671-7379-4f3d-b7f5-fd49e7cc51d0  timestamp=1632332784.517660884s
5def2133-b651-4260-828d-d198d065d464  timestamp=1632155616.765289365s
5df68f97-3e7f-4afc-9f39-387bce555ebc  timestamp=1621102589.224620241s
5f407d4e-f9c2-4060-891b-7e7473a93914  timestamp=1631536632.444497149s
5f89298d-157b-4c65-8bca-d5ac2e406996  timestamp=1621167154.339430682s
61b707a9-ef2d-47a2-a23d-bedf9e3613a2  timestamp=1632327933.444917156s
6355957a-34ab-4c9a-9fd8-1a241f14bfaf  timestamp=1621100093.436246253s
6418c921-5644-4d64-ac18-2039f85b147c  timestamp=1632834604.646246116s
651dea6e-d597-40ab-ad49-b2efe978fcba  timestamp=1632834820.789032091s
668ebaec-6a08-4278-9204-3b0ce49abd6b  timestamp=1631540490.13769979s
67d54d1d-f512-4bc6-9b0f-2ae406fa3079  timestamp=1632333146.937946445s
69852d1f-318c-4348-8e21-19b17e5dfc82  timestamp=1621090580.887745933s
69f2bd19-ed17-422e-a557-9b3983bbc03e  timestamp=1621102580.683841752s
6a113cf8-b2b4-4af5-b7db-2831ce9fe300  timestamp=1632327727.283822929s
6c5f0564-c81a-464f-8102-c4117980345c  timestamp=1621167126.08089859s
6cab745d-f7cd-43a5-8225-4c266a51a0c3  timestamp=1632155601.662884628s
6d16d52a-1152-40ca-8d25-2b557e25dd6d  timestamp=1621100116.865851054s
6de1bc1f-be6d-45ed-923e-96a0a727ad49  timestamp=1631298798.922792035s
6e49f17e-4c8b-49ac-973d-e74173191db0  timestamp=1632339238.712138381s
6e8a5395-3539-4377-bcb9-b9979428283d  timestamp=1632834490.603296878s
6f4fbe3b-3206-458a-becf-a709d1996128  timestamp=1631540882.495034334s
6f769592-d430-44cc-bc34-11a02dea8365  timestamp=1631298176.80128486s
71ded0c5-42f2-456c-821f-9361a3907ad9  timestamp=1621100098.890712638s
71f46eaf-8c5e-4ee9-8ad7-f610875af7ca  timestamp=1621090629.023869273s
72ba6d3c-1e55-4df7-bde1-a576c42ddb21  timestamp=1632332764.657631788s
75163b3a-84ce-4bda-aa78-8940e94e04bf  timestamp=1632146614.846459641s
787fe53d-5fec-4089-8f1f-7801515a0aa7  timestamp=1621100105.468192506s
78e44d44-6870-4a5b-91db-4d06cc45458f  timestamp=1631537006.97667848s
7b6e6b77-2381-4e30-8b9f-8af9a55493c7  timestamp=1621167067.961594727s
7bab8fc5-1399-4600-9d8f-443cc9225fd2  timestamp=1632152613.929402068s
7be2d1b9-407d-4738-b741-efaff462d542  timestamp=1632152602.492102816s
7bfa0691-2cc5-4231-8cb6-c7eeda46cdd0  timestamp=1631536876.388682536s
7c441fec-78cd-413d-8804-bb02c0ce32e5  timestamp=1632155586.341171095s
7e7f0d5b-731e-4ea0-b900-59435d792c89  timestamp=1621102862.502177963s
7f4b65eb-a687-4600-b493-9112445af56b  timestamp=1632152592.02200065s
7f526a72-f3d0-4cff-a67d-d6c8591374b7  timestamp=1621090537.141123082s
800a3b93-7259-472f-9140-f86d8c980a40  timestamp=1631298188.984993284s
8182b3c5-669a-4f09-a99e-f6f954edaca5  timestamp=1631540358.03468565s
81a15dc3-2f6e-475e-8927-8fac2af2aeb3  timestamp=1632332766.58686723s
83d6b544-1667-40fb-960b-3fbc410a6f35  timestamp=1632327749.964844713s
849fa184-5857-4e02-b3ec-0a93c3291948  timestamp=1621167062.53121112s
85ce1c63-5d15-490f-bdc3-8c86a30998d2  timestamp=1621100200.44624714s
85eacf3e-f5ed-4889-a5ca-08cdc9653c1a  timestamp=1632333009.968007542s
87afe504-a07c-49f5-ace0-d83beedd8540  timestamp=1632146597.537084382s
899d7184-902b-4bf2-9528-91c129c82bb3  timestamp=1631536709.320088699s
8a2af097-6afe-4290-af46-5dc15994f20d  timestamp=1632339276.659463507s
8dc18cf1-2075-463e-8a7a-f7815372ff36  timestamp=1632152623.311330729s
8f994fe8-8951-4d57-ba74-b18355577fca  timestamp=1621090512.960348176s
91360e43-5c70-434b-8d9f-4950e355087f  timestamp=1632327720.606311456s
9163b84c-f1c0-429e-9062-f330fb070634  timestamp=1631298183.241976315s
9429874c-0948-4141-973c-b241c08f332f  timestamp=1631298320.721964824s
955dd0d0-5aeb-4195-af31-f9e301d417c2  timestamp=1632339252.632008476s
95bb79a4-ce7b-4b3e-9cca-039db82a236d  timestamp=1632146627.807057404s
95d7c0b9-3bdb-4dad-877f-17a2f7234ce6  timestamp=1632146594.933114376s
96b59e62-0efe-402e-870d-ede3856f6dcb  timestamp=1621090502.993811938s
979b3b4a-54e6-4b6a-b12e-10afa78a65df  timestamp=1632146623.91785366s
97e1cde9-df42-4231-968c-8a05d3c16818  timestamp=1632339278.928276438s
98d9cdc3-d7f3-40ad-ab6e-5857ceeda5c8  timestamp=1621090547.633732482s
9cc70bb6-1d2d-42c3-92f9-69564d215781  timestamp=1621102623.304850505s
9e3565c1-5559-4c7a-8fb7-2b2b5eb2d95d  timestamp=1621090505.839827041s
a1d7b083-6cd2-4794-9239-5e5de9303e5e  timestamp=1632332800.023329889s
a1e5768a-daaa-4e51-8383-56c41f57c0ac  timestamp=1621167140.733380234s
a36bae01-19fa-4d9b-b190-851232959b73  timestamp=1632834503.496044768s
a4a7d833-b1dc-4178-b0e8-141d74def301  timestamp=1621100145.8942025s
a74a5456-0899-48d5-af31-6a53b94e7e4a  timestamp=1631298487.272569273s
a7760a98-1a62-451b-bb90-75f01499b1a1  timestamp=1632155595.576533798s
a8438d9b-ed16-4bfe-b7a0-c570fada8a8c  timestamp=1621090509.157650076s
a955a618-f1cc-439e-8b23-6661c4fd957a  timestamp=1632339270.780714272s
a9e7f5fa-3b80-45b0-8ba3-c54562ca4013  timestamp=1631298548.723176762s
aa274156-be40-4406-b341-9b86f3f92acf  timestamp=1621167078.901444043s
aae182ab-0a4f-4440-8ff2-2a910edeb00b  timestamp=1621102583.143358218s
abfae3bd-2dad-4979-b9bb-84be38bb3633  timestamp=1632152616.442137372s
acd17b73-122d-4d61-bde7-54c6d37425a7  timestamp=1621100127.056404701s
aeefeaf0-3b45-4308-b65f-fdba702d2a04  timestamp=1631298389.227950702s
b09dde6d-c0fb-4fa4-a84d-cf5313be9d67  timestamp=1632339258.615679913s
b2d8f069-c96a-4623-a035-b9b73f075994  timestamp=1632834883.586513467s
b39b743a-0e64-4098-9cda-f8514ea3697f  timestamp=1632328219.53892728s
b48622da-e04f-4956-82e3-34b8a387b533  timestamp=1631540418.641464701s
b8aedebe-5134-4f80-8c90-c769eece3e8c  timestamp=1632339263.447471471s
b8bfc74c-a15d-483f-9943-aae6ee56d2de  timestamp=1632333238.565867635s
b98662f2-040e-47ea-897a-ebc7dd56a3f4  timestamp=1621100156.338639189s
ba5aca7c-e66c-4a8f-9ece-b35ceaf0bcac  timestamp=1631540351.782054127s
c1a15071-305e-42ad-9c18-52101aa03bf8  timestamp=1632339197.009037876s
c47c4edd-1139-4ee1-8b9b-56046c7f28ea  timestamp=1631298179.872795997s
c4879f80-72d0-4985-a8ed-2bb3eab3309b  timestamp=1621102909.844507904s
c7d31bd3-d309-44b4-ba0e-9552f2c4c703  timestamp=1621167072.896129264s
ca99d617-88e3-4c50-9cdf-2daac0861a82  timestamp=1621167184.968586458s
caf8ca64-e724-4920-8348-9dc43e4fc018  timestamp=1621167093.898732938s
cb55761c-9b3b-426c-ad43-14fc91f541c9  timestamp=1621167064.628474555s
cde184dc-9d8d-4f08-aa8c-22a3f794cdca  timestamp=1631540568.228980202s
cfbe4cbc-410a-4f68-8082-b4ed289ce3db  timestamp=1631298585.493448344s
d0cbee08-3d54-4d8c-bf02-ff4bc80f4c3d  timestamp=1621090568.992290089s
d33d0154-cbef-4183-bfe4-dbb460c652a7  timestamp=1621102578.733098671s
d50ba354-6a70-46d6-9432-f14ff741149a  timestamp=1632155608.600748292s
d62fa8b4-9c1b-4a63-b98d-f907bd0d5980  timestamp=1631298254.596208788s
d634e831-34a0-45a6-b57a-205d166ddb07  timestamp=1632835012.404140055s
d6e7efee-9493-4326-8817-6c16e0f609b4  timestamp=1632155622.951653437s
d89ad766-6980-4f06-8474-728f81b47bb9  timestamp=1621102801.206979572s
d9364748-fe06-456f-a3e5-b4ee4d1d4a30  timestamp=1621102704.096331594s
da3d237f-4bb4-4526-9b95-16373ba202a5  timestamp=1631298174.121676552s
db87f450-9466-4bb9-b1e3-0c5a265a0097  timestamp=1632834500.410217115s
dd3d5acc-4eed-4ac3-8f10-c7704d9c5c9a  timestamp=1631536669.665905638s
e1662fb0-814c-4081-9601-a820949c00e3  timestamp=1621100168.948924585s
e1a0a24e-6b72-4ba5-8229-b96dd6a076da  timestamp=1632152611.370653059s
e3096e35-633c-4bac-9712-c3f995a2913f  timestamp=1632339290.497432023s
e405869e-000d-4190-a559-ac16d6370b33  timestamp=1631540343.047634826s
e40c8c84-d336-4342-a296-43647c6ca32e  timestamp=1683636093.652584895s
e42ad292-fc58-440b-a86a-91170128b72c  timestamp=1621167171.656354212s
e5d846e8-8eaa-45d0-ab02-d1cbcb0387ff  timestamp=1632146590.392817085s
e688893f-a576-489a-aaf6-628165affdd5  timestamp=1631540775.59304585s
e8b091ec-0c75-4a02-9036-b57d8ca302e2  timestamp=1631540915.486342868s
e916b8a5-99d1-4226-a4e5-611f24465ec9  timestamp=1632155613.571780304s
eb3af47e-8045-4360-825a-77592faa7a48  timestamp=1632327841.658151193s
ecfe7eb7-a7ee-4684-b674-09b4868ab1b5  timestamp=1632152608.867144669s
eef01ccf-180a-40cc-95d9-c2f6d2748711  timestamp=1632332778.582596343s
f072b80b-af86-426e-93b2-79237ee01ecc  timestamp=1632155589.520125218s
f0eebedf-e1c9-4c65-b6da-82a5d36482e9  timestamp=1632146599.884611682s
f1553edc-22a1-40fc-b965-8e47a29d2db4  timestamp=1621167058.660873346s
f49576b6-dd45-4118-b240-9c43958c225e  timestamp=1631536962.004714065s
f6063774-01f7-44c8-9a70-86fdb79fee38  timestamp=1621100185.859686282s
f63f48ad-98d9-4d6a-b53f-b561d124421b  timestamp=1632327730.584447529s
f7077fa9-6ba7-4862-bd9a-fba445ac6b28  timestamp=1621167111.421023732s
f79b24e5-1f9e-41c9-bcc6-a10dcdab7652  timestamp=1631536771.238801687s
fe0ee416-3d14-470a-bc35-a3908323f62a  timestamp=1631298680.040288033s
ff4f9435-db25-44d6-a6bd-9c950eb65ce6  timestamp=1631536621.74251847s
