0260ad18-e268-43e9-87ed-d99d05ef4df5 X timestamp=1621090595.663050609s
02e91009-f7a2-47b8-9889-22fb65e7d7fc X timestamp=1632327999.847689247s
031dd25a-6e29-44b7-8d1e-a14ffe154794 X timestamp=1621167060.772561753s
03ceb893-a959-41ce-bc09-0a2b282ed02b X timestamp=1621102592.345309709s
043ad229-d2d5-4f92-82ab-3cbd724ae3aa X timestamp=1632146592.555899118s
05f28fad-750d-4236-974a-3e36a2fd6ade X timestamp=1621100219.334378682s
079c3914-cc82-43c5-8730-099daf480fb9 X timestamp=1632152596.200404351s
0aa44631-e4cc-40c9-bc56-83273331bac0 X timestamp=1632146605.319080941s
0bf291fb-7ae0-4787-a40a-f47531a3e683 X timestamp=1631298171.526238085s
0d1282dd-e71a-49f0-9063-a28cb1e18969 X timestamp=1632328127.551086474s
0ed822da-f47b-46cd-b3d3-995adb7765a6 X timestamp=1621102836.333585696s
0efb21b7-8601-4ae0-b35b-490a6c50cc10 X timestamp=1621102585.825431707s
11015c32-2de9-47d8-b2ac-1838d46c00c4 X timestamp=1632152621.417469695s
117aa530-f309-4e5d-b890-8114c0069efb X timestamp=1631536634.462491709s
14d3c9a4-8d4b-4d12-a86b-9ff494222364 X timestamp=1631540682.897053415s
15817336-789f-4130-8fd7-9b0f20ff5831 X timestamp=1621100096.008163098s
183a46fa-619c-4471-95ed-dcce9ba68e7c X timestamp=1632327732.791508033s
1dd3fba8-042c-4eba-9a70-8af3324df1bd X timestamp=1632152606.54390204s
1f8479a1-1031-4a41-8dde-c25a838ee28c X timestamp=1632146609.691265109s
209d7775-c11e-43ca-8939-2af2cfffa80f X timestamp=1621090498.6237551s
20be10c5-e412-4406-9509-7cf241338d47 X timestamp=1632155587.457439012s
21d0e1c5-048c-4248-ad16-7a47b2538c94 X timestamp=1632155593.446749423s
2219424a-ed22-491f-af97-15fa75132df0 X timestamp=1621090616.589143942s
236c189e-5699-42bc-9d22-ecad9e76dd61 X timestamp=1632152618.894235462s
26104c30-d368-4386-a66b-099349126f30 X timestamp=1631540826.743810226s
27fca425-2cc4-4a9e-a968-0d1f3ebdc685 X timestamp=1631536629.673468358s
28c5eaa7-fdf5-4a61-a08d-2eaf85e69777 X timestamp=1632152627.538658211s
29c84c39-9a27-4ad4-8203-b3036bb55928 X timestamp=1632328147.439280387s
2bde6f98-4909-4daa-8d73-08c1b5dc2914 X timestamp=1632155599.9631081s
2c75c7f0-a3b9-4bf5-aecb-08db68c34b34 X timestamp=1631540348.37956834s
2f5acdac-a5f2-464b-ac72-dec555994b64 X timestamp=1621102658.417323448s
31d4b401-a072-4429-99f3-e46f6be03269 X timestamp=1632155603.2949307s
32d77968-968a-47c0-901e-6f8e8b3b371c X timestamp=1632327736.074355661s
33706883-3609-4041-9b22-f6cafe3c7641 X timestamp=1631536623.601825409s
383aeaca-65d0-4e41-b33d-c020b1d66f72 X timestamp=1632146588.217332869s
38f0d032-9d48-4f17-a257-f6af36484ede X timestamp=1632155591.455670838s
3945a436-d39b-4ba5-bc0e-db07029ece65 X timestamp=1621090524.95811614s
3aade44f-8515-424b-9b1c-01f5a386b7dc X timestamp=1631540340.329305577s
3af0e3eb-e9fd-4596-ad32-ceeb7a9f412b X timestamp=1632327718.777394593s
3cc9b0a4-2026-4d02-8748-7f441167ab64 X timestamp=1631540346.132481159s
44090e8b-f7cb-437d-8eff-6ac54eb519db X timestamp=1631536927.355469017s
46d945d5-e03f-4c40-ad2a-2860b651c3e2 X timestamp=1632155597.706821265s
47b33e84-9529-4568-8a87-e2498e7c271c X timestamp=1621100102.076590389s
47eace71-87c9-4675-918b-5f78c9585051 X timestamp=1621090500.624297704s
4acdd26e-2b74-4270-87bf-a8f6aac8c973 X timestamp=1632146630.662144592s
4ae19f78-95dc-44cb-91ac-0e23b13cbe89 X timestamp=1632152597.533744743s
4ec75ec8-71d1-4545-9bd4-4d23890dcc5b X timestamp=1631536641.20466935s
5040ac14-124b-4dd8-a625-42992deb669b X timestamp=1632146620.240357843s
5258e7fc-86d4-4e79-bec5-b201639b6ac5 X timestamp=1621100091.369320141s
5364cc92-a574-40bc-8960-9d54d8d80f50 X timestamp=1632327738.500920912s
557cf806-103c-4f4b-bf3b-175add9c2049 X timestamp=1631536637.744030271s
5a678ddb-4bfc-410f-82f9-3ba417ecb6d2 X timestamp=1632152604.450730835s
5a9cb6b3-5ec5-45e5-9f6e-ab65fd0ea0ea X timestamp=1632146583.20521698s
5ca541a1-f6bd-4235-9b64-f8f0928d52d2 X timestamp=1621102752.986728169s
5def2133-b651-4260-828d-d198d065d464 X timestamp=1632155616.647103568s
5df68f97-3e7f-4afc-9f39-387bce555ebc X timestamp=1621102589.109564928s
5f407d4e-f9c2-4060-891b-7e7473a93914 X timestamp=1631536632.363117751s
5f89298d-157b-4c65-8bca-d5ac2e406996 X timestamp=1621167154.170094923s
61b707a9-ef2d-47a2-a23d-bedf9e3613a2 X timestamp=1632327933.249142575s
6355957a-34ab-4c9a-9fd8-1a241f14bfaf X timestamp=1621100093.372919205s
668ebaec-6a08-4278-9204-3b0ce49abd6b X timestamp=1631540489.950684109s
69852d1f-318c-4348-8e21-19b17e5dfc82 X timestamp=1621090580.792827265s
69f2bd19-ed17-422e-a557-9b3983bbc03e X timestamp=1621102580.624748562s
6a113cf8-b2b4-4af5-b7db-2831ce9fe300 X timestamp=1632327727.194244616s
6c5f0564-c81a-464f-8102-c4117980345c X timestamp=1621167125.979892234s
6cab745d-f7cd-43a5-8225-4c266a51a0c3 X timestamp=1632155601.558227186s
6d16d52a-1152-40ca-8d25-2b557e25dd6d X timestamp=1621100116.784738733s
6de1bc1f-be6d-45ed-923e-96a0a727ad49 X timestamp=1631298798.829831107s
6f4fbe3b-3206-458a-becf-a709d1996128 X timestamp=1631540882.337449171s
6f769592-d430-44cc-bc34-11a02dea8365 X timestamp=1631298176.726103599s
71ded0c5-42f2-456c-821f-9361a3907ad9 X timestamp=1621100098.803901803s
71f46eaf-8c5e-4ee9-8ad7-f610875af7ca X timestamp=1621090628.931746812s
75163b3a-84ce-4bda-aa78-8940e94e04bf X timestamp=1632146614.772812317s
787fe53d-5fec-4089-8f1f-7801515a0aa7 X timestamp=1621100105.391087828s
78e44d44-6870-4a5b-91db-4d06cc45458f X timestamp=1631537006.791387649s
7b6e6b77-2381-4e30-8b9f-8af9a55493c7 X timestamp=1621167067.838701188s
7bab8fc5-1399-4600-9d8f-443cc9225fd2 X timestamp=1632152613.859602648s
7be2d1b9-407d-4738-b741-efaff462d542 X timestamp=1632152602.427644241s
7bfa0691-2cc5-4231-8cb6-c7eeda46cdd0 X timestamp=1631536876.170987891s
7c441fec-78cd-413d-8804-bb02c0ce32e5 X timestamp=1632155586.276679105s
7e7f0d5b-731e-4ea0-b900-59435d792c89 X timestamp=1621102862.315374606s
7f4b65eb-a687-4600-b493-9112445af56b X timestamp=1632152591.995676393s
7f526a72-f3d0-4cff-a67d-d6c8591374b7 X timestamp=1621090537.052987103s
800a3b93-7259-472f-9140-f86d8c980a40 X timestamp=1631298188.893432787s
8182b3c5-669a-4f09-a99e-f6f954edaca5 X timestamp=1631540357.926641399s
83d6b544-1667-40fb-960b-3fbc410a6f35 X timestamp=1632327749.763569901s
849fa184-5857-4e02-b3ec-0a93c3291948 X timestamp=1621167062.433747494s
85ce1c63-5d15-490f-bdc3-8c86a30998d2 X timestamp=1621100200.299256267s
87afe504-a07c-49f5-ace0-d83beedd8540 X timestamp=1632146597.478357317s
899d7184-902b-4bf2-9528-91c129c82bb3 X timestamp=1631536709.136322229s
8dc18cf1-2075-463e-8a7a-f7815372ff36 X timestamp=1632152623.244062556s
8f994fe8-8951-4d57-ba74-b18355577fca X timestamp=1621090512.878855954s
91360e43-5c70-434b-8d9f-4950e355087f X timestamp=1632327720.539868358s
9163b84c-f1c0-429e-9062-f330fb070634 X timestamp=1631298183.157809865s
9429874c-0948-4141-973c-b241c08f332f X timestamp=1631298320.592438126s
95bb79a4-ce7b-4b3e-9cca-039db82a236d X timestamp=1632146627.669813712s
95d7c0b9-3bdb-4dad-877f-17a2f7234ce6 X timestamp=1632146594.870594661s
96b59e62-0efe-402e-870d-ede3856f6dcb X timestamp=1621090502.912015175s
979b3b4a-54e6-4b6a-b12e-10afa78a65df X timestamp=1632146623.785886672s
98d9cdc3-d7f3-40ad-ab6e-5857ceeda5c8 X timestamp=1621090547.490859943s
9cc70bb6-1d2d-42c3-92f9-69564d215781 X timestamp=1621102623.144811213s
9e3565c1-5559-4c7a-8fb7-2b2b5eb2d95d X timestamp=1621090505.764245053s
a1e5768a-daaa-4e51-8383-56c41f57c0ac X timestamp=1621167140.644867958s
a4a7d833-b1dc-4178-b0e8-141d74def301 X timestamp=1621100145.769680206s
a74a5456-0899-48d5-af31-6a53b94e7e4a X timestamp=1631298487.112391671s
a7760a98-1a62-451b-bb90-75f01499b1a1 X timestamp=1632155595.51191913s
a8438d9b-ed16-4bfe-b7a0-c570fada8a8c X timestamp=1621090509.083205384s
a9e7f5fa-3b80-45b0-8ba3-c54562ca4013 X timestamp=1631298548.542836952s
aa274156-be40-4406-b341-9b86f3f92acf X timestamp=1621167078.805279244s
aae182ab-0a4f-4440-8ff2-2a910edeb00b X timestamp=1621102583.069224221s
abfae3bd-2dad-4979-b9bb-84be38bb3633 X timestamp=1632152616.38267311s
acd17b73-122d-4d61-bde7-54c6d37425a7 X timestamp=1621100126.893697275s
aeefeaf0-3b45-4308-b65f-fdba702d2a04 X timestamp=1631298388.812831754s
b39b743a-0e64-4098-9cda-f8514ea3697f X timestamp=1632328219.165587495s
b48622da-e04f-4956-82e3-34b8a387b533 X timestamp=1631540418.419798412s
b98662f2-040e-47ea-897a-ebc7dd56a3f4 X timestamp=1621100156.115036781s
ba5aca7c-e66c-4a8f-9ece-b35ceaf0bcac X timestamp=1631540351.710181994s
c47c4edd-1139-4ee1-8b9b-56046c7f28ea X timestamp=1631298179.735125003s
c4879f80-72d0-4985-a8ed-2bb3eab3309b X timestamp=1621102909.439762767s
c7d31bd3-d309-44b4-ba0e-9552f2c4c703 X timestamp=1621167072.797875453s
ca99d617-88e3-4c50-9cdf-2daac0861a82 X timestamp=1621167184.818843589s
caf8ca64-e724-4920-8348-9dc43e4fc018 X timestamp=1621167093.807551467s
cb55761c-9b3b-426c-ad43-14fc91f541c9 X timestamp=1621167064.52960958s
cde184dc-9d8d-4f08-aa8c-22a3f794cdca X timestamp=1631540567.828031301s
cfbe4cbc-410a-4f68-8082-b4ed289ce3db X timestamp=1631298585.16642045s
d0cbee08-3d54-4d8c-bf02-ff4bc80f4c3d X timestamp=1621090568.898930451s
d33d0154-cbef-4183-bfe4-dbb460c652a7 X timestamp=1621102578.674212131s
d50ba354-6a70-46d6-9432-f14ff741149a X timestamp=1632155608.51561011s
d62fa8b4-9c1b-4a63-b98d-f907bd0d5980 X timestamp=1631298254.298102215s
d6e7efee-9493-4326-8817-6c16e0f609b4 X timestamp=1632155622.866493956s
d89ad766-6980-4f06-8474-728f81b47bb9 X timestamp=1621102801.026748372s
d9364748-fe06-456f-a3e5-b4ee4d1d4a30 X timestamp=1621102703.704182106s
da3d237f-4bb4-4526-9b95-16373ba202a5 X timestamp=1631298174.055924523s
dd3d5acc-4eed-4ac3-8f10-c7704d9c5c9a X timestamp=1631536669.473400048s
e1662fb0-814c-4081-9601-a820949c00e3 X timestamp=1621100168.850069211s
e1a0a24e-6b72-4ba5-8229-b96dd6a076da X timestamp=1632152611.290517421s
e405869e-000d-4190-a559-ac16d6370b33 X timestamp=1631540342.964503398s
e42ad292-fc58-440b-a86a-91170128b72c X timestamp=1621167171.522746763s
e5d846e8-8eaa-45d0-ab02-d1cbcb0387ff X timestamp=1632146590.334346561s
e688893f-a576-489a-aaf6-628165affdd5 X timestamp=1631540775.110580239s
e8b091ec-0c75-4a02-9036-b57d8ca302e2 X timestamp=1631540915.28510064s
e916b8a5-99d1-4226-a4e5-611f24465ec9 X timestamp=1632155613.48957339s
eb3af47e-8045-4360-825a-77592faa7a48 X timestamp=1632327841.113880176s
ecfe7eb7-a7ee-4684-b674-09b4868ab1b5 X timestamp=1632152608.803189936s
f072b80b-af86-426e-93b2-79237ee01ecc X timestamp=1632155589.450091833s
f0eebedf-e1c9-4c65-b6da-82a5d36482e9 X timestamp=1632146599.79315312s
f1553edc-22a1-40fc-b965-8e47a29d2db4 X timestamp=1621167058.603365204s
f49576b6-dd45-4118-b240-9c43958c225e X timestamp=1631536961.818562272s
f6063774-01f7-44c8-9a70-86fdb79fee38 X timestamp=1621100185.737356372s
f63f48ad-98d9-4d6a-b53f-b561d124421b X timestamp=1632327730.499350253s
f7077fa9-6ba7-4862-bd9a-fba445ac6b28 X timestamp=1621167111.268125195s
f79b24e5-1f9e-41c9-bcc6-a10dcdab7652 X timestamp=1631536770.643329462s
fe0ee416-3d14-470a-bc35-a3908323f62a X timestamp=1631298674.491665589s
ff4f9435-db25-44d6-a6bd-9c950eb65ce6 X timestamp=1631536621.689647378s
