0260ad18-e268-43e9-87ed-d99d05ef4df5 chaeusler@cpu11:/tmp/chaeusler-concat timestamp=1621090595.434539576s
031dd25a-6e29-44b7-8d1e-a14ffe154794 chaeusler@cpu11:/tmp/chaeusler-concat timestamp=1621167060.610771396s
03ceb893-a959-41ce-bc09-0a2b282ed02b chaeusler@cpu11:/tmp/chaeusler-concat timestamp=1621102592.133208176s
05f28fad-750d-4236-974a-3e36a2fd6ade chaeusler@cpu11:/tmp/chaeusler-concat timestamp=1621100219.105256313s
0bf291fb-7ae0-4787-a40a-f47531a3e683 chaeusler@cpu12:/tmp/chaeusler-concat timestamp=1631298171.370747027s
0ed822da-f47b-46cd-b3d3-995adb7765a6 chaeusler@cpu11:/tmp/chaeusler-concat timestamp=1621102836.082816261s
0efb21b7-8601-4ae0-b35b-490a6c50cc10 chaeusler@cpu11:/tmp/chaeusler-concat timestamp=1621102585.621453021s
144a307e-6d24-4160-8485-996442d82840 chris@ASRock:~/psyinfo/forrest-gump/studyforrest-srm-movies timestamp=1615555476.931141486s
15817336-789f-4130-8fd7-9b0f20ff5831 chaeusler@cpu11:/tmp/chaeusler-concat timestamp=1621100095.581871181s
209d7775-c11e-43ca-8939-2af2cfffa80f chaeusler@cpu11:/tmp/chaeusler-concat timestamp=1621090498.510109867s
2219424a-ed22-491f-af97-15fa75132df0 chaeusler@cpu11:/tmp/chaeusler-concat timestamp=1621090616.395795569s
2f5acdac-a5f2-464b-ac72-dec555994b64 chaeusler@cpu11:/tmp/chaeusler-concat timestamp=1621102658.114668904s
3945a436-d39b-4ba5-bc0e-db07029ece65 chaeusler@cpu11:/tmp/chaeusler-concat timestamp=1621090524.723087309s
47b33e84-9529-4568-8a87-e2498e7c271c chaeusler@cpu11:/tmp/chaeusler-concat timestamp=1621100101.722838054s
47eace71-87c9-4675-918b-5f78c9585051 chaeusler@cpu11:/tmp/chaeusler-concat timestamp=1621090500.498074299s
5258e7fc-86d4-4e79-bec5-b201639b6ac5 chaeusler@cpu11:/tmp/chaeusler-concat timestamp=1621100091.212917342s
5ca541a1-f6bd-4235-9b64-f8f0928d52d2 chaeusler@cpu11:/tmp/chaeusler-concat timestamp=1621102752.561094985s
5df68f97-3e7f-4afc-9f39-387bce555ebc chaeusler@cpu11:/tmp/chaeusler-concat timestamp=1621102588.857423724s
5f89298d-157b-4c65-8bca-d5ac2e406996 chaeusler@cpu11:/tmp/chaeusler-concat timestamp=1621167153.863637815s
6355957a-34ab-4c9a-9fd8-1a241f14bfaf chaeusler@cpu11:/tmp/chaeusler-concat timestamp=1621100093.214286353s
69852d1f-318c-4348-8e21-19b17e5dfc82 chaeusler@cpu11:/tmp/chaeusler-concat timestamp=1621090580.598921248s
69f2bd19-ed17-422e-a557-9b3983bbc03e chaeusler@cpu11:/tmp/chaeusler-concat timestamp=1621102580.499178847s
6c5f0564-c81a-464f-8102-c4117980345c chaeusler@cpu11:/tmp/chaeusler-concat timestamp=1621167125.773081185s
6d16d52a-1152-40ca-8d25-2b557e25dd6d chaeusler@cpu11:/tmp/chaeusler-concat timestamp=1621100116.602304653s
6de1bc1f-be6d-45ed-923e-96a0a727ad49 chaeusler@cpu12:/tmp/chaeusler-concat timestamp=1631298784.340799899s
6f769592-d430-44cc-bc34-11a02dea8365 chaeusler@cpu12:/tmp/chaeusler-concat timestamp=1631298176.579407375s
71ded0c5-42f2-456c-821f-9361a3907ad9 chaeusler@cpu11:/tmp/chaeusler-concat timestamp=1621100098.633761435s
71f46eaf-8c5e-4ee9-8ad7-f610875af7ca chaeusler@cpu11:/tmp/chaeusler-concat timestamp=1621090628.747899802s
7289ad53-f22e-4cde-afdf-d162d95c3966 chris@ASRock:/media/juseless/data/group/psyinf/studyforrest-srm-movies timestamp=1615554698.426893103s
787fe53d-5fec-4089-8f1f-7801515a0aa7 chaeusler@cpu11:/tmp/chaeusler-concat timestamp=1621100105.187438444s
7b6e6b77-2381-4e30-8b9f-8af9a55493c7 chaeusler@cpu11:/tmp/chaeusler-concat timestamp=1621167067.561929917s
7e7f0d5b-731e-4ea0-b900-59435d792c89 chaeusler@cpu11:/tmp/chaeusler-concat timestamp=1621102862.020591355s
7f526a72-f3d0-4cff-a67d-d6c8591374b7 chaeusler@cpu11:/tmp/chaeusler-concat timestamp=1621090536.864945858s
800a3b93-7259-472f-9140-f86d8c980a40 chaeusler@cpu12:/tmp/chaeusler-concat timestamp=1631298188.703189015s
849fa184-5857-4e02-b3ec-0a93c3291948 chaeusler@cpu11:/tmp/chaeusler-concat timestamp=1621167062.240274119s
85ce1c63-5d15-490f-bdc3-8c86a30998d2 chaeusler@cpu11:/tmp/chaeusler-concat timestamp=1621100199.840186583s
8f994fe8-8951-4d57-ba74-b18355577fca chaeusler@cpu11:/tmp/chaeusler-concat timestamp=1621090512.699424218s
9163b84c-f1c0-429e-9062-f330fb070634 chaeusler@cpu12:/tmp/chaeusler-concat timestamp=1631298182.980430985s
9429874c-0948-4141-973c-b241c08f332f chaeusler@cpu12:/tmp/chaeusler-concat timestamp=1631298320.370179962s
96b59e62-0efe-402e-870d-ede3856f6dcb chaeusler@cpu11:/tmp/chaeusler-concat timestamp=1621090502.661854338s
98d9cdc3-d7f3-40ad-ab6e-5857ceeda5c8 chaeusler@cpu11:/tmp/chaeusler-concat timestamp=1621090547.256202924s
9cc70bb6-1d2d-42c3-92f9-69564d215781 chaeusler@cpu11:/tmp/chaeusler-concat timestamp=1621102622.869795247s
9e3565c1-5559-4c7a-8fb7-2b2b5eb2d95d chaeusler@cpu11:/tmp/chaeusler-concat timestamp=1621090505.556928488s
a1e5768a-daaa-4e51-8383-56c41f57c0ac chaeusler@cpu11:/tmp/chaeusler-concat timestamp=1621167140.46316992s
a4a7d833-b1dc-4178-b0e8-141d74def301 chaeusler@cpu11:/tmp/chaeusler-concat timestamp=1621100145.52401973s
a74a5456-0899-48d5-af31-6a53b94e7e4a chaeusler@cpu12:/tmp/chaeusler-concat timestamp=1631298486.842743494s
a8438d9b-ed16-4bfe-b7a0-c570fada8a8c chaeusler@cpu11:/tmp/chaeusler-concat timestamp=1621090508.795354053s
a9e7f5fa-3b80-45b0-8ba3-c54562ca4013 chaeusler@cpu12:/tmp/chaeusler-concat timestamp=1631298548.245966141s
aa274156-be40-4406-b341-9b86f3f92acf chaeusler@cpu11:/tmp/chaeusler-concat timestamp=1621167078.621211942s
aae182ab-0a4f-4440-8ff2-2a910edeb00b chaeusler@cpu11:/tmp/chaeusler-concat timestamp=1621102582.917782657s
acd17b73-122d-4d61-bde7-54c6d37425a7 chaeusler@cpu11:/tmp/chaeusler-concat timestamp=1621100126.542517726s
aeefeaf0-3b45-4308-b65f-fdba702d2a04 chaeusler@cpu12:/tmp/chaeusler-concat timestamp=1631298388.264360388s
b98662f2-040e-47ea-897a-ebc7dd56a3f4 chaeusler@cpu11:/tmp/chaeusler-concat timestamp=1621100155.76525641s
c47c4edd-1139-4ee1-8b9b-56046c7f28ea chaeusler@cpu12:/tmp/chaeusler-concat timestamp=1631298179.566600768s
c4879f80-72d0-4985-a8ed-2bb3eab3309b chaeusler@cpu11:/tmp/chaeusler-concat timestamp=1621102908.909349077s
c7d31bd3-d309-44b4-ba0e-9552f2c4c703 chaeusler@cpu11:/tmp/chaeusler-concat timestamp=1621167072.378263422s
ca99d617-88e3-4c50-9cdf-2daac0861a82 chaeusler@cpu11:/tmp/chaeusler-concat timestamp=1621167184.585992164s
caf8ca64-e724-4920-8348-9dc43e4fc018 chaeusler@cpu11:/tmp/chaeusler-concat timestamp=1621167093.596122682s
cb55761c-9b3b-426c-ad43-14fc91f541c9 chaeusler@cpu11:/tmp/chaeusler-concat timestamp=1621167064.269255031s
cfbe4cbc-410a-4f68-8082-b4ed289ce3db chaeusler@cpu12:/tmp/chaeusler-concat timestamp=1631298584.718227851s
d0cbee08-3d54-4d8c-bf02-ff4bc80f4c3d chaeusler@cpu11:/tmp/chaeusler-concat timestamp=1621090568.678081001s
d33d0154-cbef-4183-bfe4-dbb460c652a7 chaeusler@cpu11:/tmp/chaeusler-concat timestamp=1621102578.525538334s
d62fa8b4-9c1b-4a63-b98d-f907bd0d5980 chaeusler@cpu12:/tmp/chaeusler-concat timestamp=1631298253.876967928s
d89ad766-6980-4f06-8474-728f81b47bb9 chaeusler@cpu11:/tmp/chaeusler-concat timestamp=1621102800.742756181s
d9364748-fe06-456f-a3e5-b4ee4d1d4a30 chaeusler@cpu11:/tmp/chaeusler-concat timestamp=1621102703.168531234s
da3d237f-4bb4-4526-9b95-16373ba202a5 chaeusler@cpu12:/tmp/chaeusler-concat timestamp=1631298173.823351984s
dd3d5acc-4eed-4ac3-8f10-c7704d9c5c9a chaeusler@cpu12:/tmp/chaeusler-concat timestamp=1631536669.155407156s
e1662fb0-814c-4081-9601-a820949c00e3 chaeusler@cpu11:/tmp/chaeusler-concat timestamp=1621100168.591062678s
e42ad292-fc58-440b-a86a-91170128b72c chaeusler@cpu11:/tmp/chaeusler-concat timestamp=1621167171.276753334s
f1553edc-22a1-40fc-b965-8e47a29d2db4 chaeusler@cpu11:/tmp/chaeusler-concat timestamp=1621167058.405928868s
f6063774-01f7-44c8-9a70-86fdb79fee38 chaeusler@cpu11:/tmp/chaeusler-concat timestamp=1621100185.502921961s
f7077fa9-6ba7-4862-bd9a-fba445ac6b28 chaeusler@cpu11:/tmp/chaeusler-concat timestamp=1621167111.01745426s
fe0ee416-3d14-470a-bc35-a3908323f62a chaeusler@cpu12:/tmp/chaeusler-concat timestamp=1631298664.50688058s
